[2021-08-30 09:14:39] No settings files found: C:/Users/janwi/mindustryServer/v7/mods/newPlugin/config/settings.bin and C:/Users/janwi/mindustryServer/v7/mods/newPlugin/config/settings_backup.bin
[2021-08-30 09:14:39] Saving 2 values; 44 bytes
[2021-08-30 09:14:42] Saving 2 values; 44 bytes
[2021-08-30 09:15:20] Loaded 2 values
[2021-08-30 09:15:20] Backed up config/settings.bin to config/settings_backup.bin (44 bytes)
[2021-08-30 09:15:23] Saving 2 values; 44 bytes
[2021-08-30 09:16:23] Saving 2 values; 44 bytes
[2021-08-30 09:17:23] Saving 2 values; 44 bytes
[2021-08-30 09:18:23] Saving 2 values; 44 bytes
[2021-08-30 09:18:57] Saving 2 values; 44 bytes
[2021-08-30 09:18:59] Loaded 2 values
[2021-08-30 09:18:59] Backed up config/settings.bin to config/settings_backup.bin (44 bytes)
[2021-08-30 09:19:01] Saving 2 values; 44 bytes
[2021-08-30 09:19:42] Saving 2 values; 44 bytes
[2021-08-30 09:19:44] Loaded 2 values
[2021-08-30 09:19:44] Backed up config/settings.bin to config/settings_backup.bin (44 bytes)
[2021-08-30 09:19:48] Saving 2 values; 44 bytes
[2021-08-30 09:20:19] Saving 2 values; 44 bytes
[2021-08-30 09:20:19] Saving 3 values; 71 bytes
[2021-08-30 09:20:19] Saving 3 values; 71 bytes
[2021-08-30 09:20:48] Saving 7 values; 260 bytes
[2021-08-30 09:21:48] Saving 7 values; 260 bytes
[2021-08-30 09:22:48] Saving 7 values; 260 bytes
[2021-08-30 09:23:48] Saving 7 values; 260 bytes
[2021-08-30 09:24:48] Saving 7 values; 260 bytes
[2021-08-30 09:25:48] Saving 7 values; 260 bytes
[2021-08-30 09:27:31] Loaded 7 values
[2021-08-30 09:27:31] Backed up config/settings.bin to config/settings_backup.bin (260 bytes)
[2021-08-30 09:27:38] Saving 7 values; 260 bytes
[2021-08-30 09:27:46] Saving 7 values; 260 bytes
[2021-08-30 09:27:46] Saving 7 values; 259 bytes
[2021-08-30 09:27:46] Saving 7 values; 259 bytes
[2021-08-30 09:28:38] Saving 8 values; 319 bytes
[2021-08-30 09:29:38] Saving 9 values; 348 bytes
[2021-08-30 09:30:38] Saving 9 values; 348 bytes
[2021-08-30 09:31:38] Saving 9 values; 348 bytes
[2021-08-30 09:32:38] Saving 9 values; 348 bytes
[2021-08-30 09:33:38] Saving 9 values; 348 bytes
[2021-08-30 09:34:38] Saving 9 values; 348 bytes
[2021-08-30 09:35:38] Saving 9 values; 348 bytes
[2021-08-30 09:36:38] Saving 9 values; 348 bytes
[2021-08-30 09:37:38] Saving 9 values; 348 bytes
[2021-08-30 09:38:38] Saving 9 values; 348 bytes
[2021-08-30 09:39:38] Saving 9 values; 348 bytes
[2021-08-30 09:40:38] Saving 9 values; 348 bytes
[2021-08-30 09:41:38] Saving 9 values; 348 bytes
[2021-08-30 09:42:38] Saving 9 values; 348 bytes
[2021-08-30 09:43:38] Saving 9 values; 348 bytes
[2021-08-30 09:44:38] Saving 9 values; 348 bytes
[2021-08-30 09:45:38] Saving 9 values; 348 bytes
[2021-08-30 09:46:38] Saving 9 values; 348 bytes
[2021-08-30 09:47:38] Saving 9 values; 348 bytes
[2021-08-30 09:47:41] Saving 9 values; 348 bytes
[2021-08-30 09:51:08] Loaded 9 values
[2021-08-30 09:51:08] Backed up config/settings.bin to config/settings_backup.bin (348 bytes)
[2021-08-30 09:51:11] Saving 9 values; 348 bytes
[2021-08-30 09:52:11] Saving 9 values; 348 bytes
[2021-08-30 09:53:11] Saving 9 values; 348 bytes
[2021-08-30 09:54:11] Saving 9 values; 348 bytes
[2021-08-30 09:55:11] Saving 9 values; 348 bytes
[2021-08-30 09:55:13] Saving 9 values; 348 bytes
[2021-08-30 09:55:15] Loaded 9 values
[2021-08-30 09:55:15] Backed up config/settings.bin to config/settings_backup.bin (348 bytes)
[2021-08-30 09:55:18] Saving 9 values; 348 bytes
[2021-08-30 09:55:44] Loaded 9 values
[2021-08-30 09:55:44] Backed up config/settings.bin to config/settings_backup.bin (348 bytes)
[2021-08-30 09:55:47] Saving 9 values; 348 bytes
[2021-08-30 09:56:18] Saving 9 values; 348 bytes
[2021-08-30 09:57:18] Saving 9 values; 348 bytes
[2021-08-30 09:57:24] Saving 9 values; 348 bytes
[2021-08-30 09:57:26] Loaded 9 values
[2021-08-30 09:57:26] Backed up config/settings.bin to config/settings_backup.bin (348 bytes)
[2021-08-30 09:57:29] Saving 9 values; 348 bytes
[2021-08-30 09:58:29] Saving 9 values; 348 bytes
[2021-08-30 09:59:29] Saving 9 values; 348 bytes
[2021-08-30 10:00:29] Saving 9 values; 348 bytes
[2021-08-30 10:01:08] Saving 9 values; 348 bytes
[2021-08-30 10:01:10] Loaded 9 values
[2021-08-30 10:01:10] Backed up config/settings.bin to config/settings_backup.bin (348 bytes)
[2021-08-30 10:01:12] Saving 9 values; 348 bytes
[2021-08-30 10:02:12] Saving 9 values; 348 bytes
[2021-08-30 10:02:57] Saving 9 values; 348 bytes
[2021-08-30 10:02:59] Loaded 9 values
[2021-08-30 10:02:59] Backed up config/settings.bin to config/settings_backup.bin (348 bytes)
[2021-08-30 10:03:03] Saving 9 values; 348 bytes
[2021-08-30 10:03:20] Loaded 9 values
[2021-08-30 10:03:20] Backed up config/settings.bin to config/settings_backup.bin (348 bytes)
[2021-08-30 10:03:23] Saving 9 values; 348 bytes
[2021-08-30 10:04:09] Saving 9 values; 348 bytes
[2021-08-30 10:04:11] Loaded 9 values
[2021-08-30 10:04:11] Backed up config/settings.bin to config/settings_backup.bin (348 bytes)
[2021-08-30 10:04:14] Saving 9 values; 348 bytes
[2021-08-30 10:04:34] Loaded 9 values
[2021-08-30 10:04:34] Backed up config/settings.bin to config/settings_backup.bin (348 bytes)
[2021-08-30 10:04:37] Saving 9 values; 348 bytes
[2021-08-30 10:05:30] Loaded 9 values
[2021-08-30 10:05:30] Backed up config/settings.bin to config/settings_backup.bin (348 bytes)
[2021-08-30 10:05:34] Saving 9 values; 348 bytes
[2021-08-30 10:06:00] Saving 9 values; 348 bytes
[2021-08-30 10:06:09] Loaded 9 values
[2021-08-30 10:06:09] Backed up config/settings.bin to config/settings_backup.bin (348 bytes)
[2021-08-30 10:06:12] Saving 9 values; 348 bytes
[2021-08-30 10:06:23] Saving 9 values; 348 bytes
[2021-08-30 10:06:28] Loaded 9 values
[2021-08-30 10:06:28] Backed up config/settings.bin to config/settings_backup.bin (348 bytes)
[2021-08-30 10:06:32] Saving 9 values; 348 bytes
[2021-08-30 10:07:32] Saving 9 values; 348 bytes
[2021-08-30 10:08:32] Saving 9 values; 348 bytes
[2021-08-30 10:09:32] Saving 9 values; 348 bytes
[2021-08-30 10:10:32] Saving 9 values; 348 bytes
[2021-08-30 10:11:32] Saving 9 values; 348 bytes
[2021-08-30 10:12:32] Saving 9 values; 348 bytes
[2021-08-30 10:13:32] Saving 9 values; 348 bytes
[2021-08-30 10:14:18] Loaded 9 values
[2021-08-30 10:14:18] Backed up config/settings.bin to config/settings_backup.bin (348 bytes)
[2021-08-30 10:14:22] Saving 9 values; 348 bytes
[2021-08-30 10:14:28] Saving 9 values; 348 bytes
[2021-08-30 10:14:28] Saving 9 values; 349 bytes
[2021-08-30 10:14:29] Saving 9 values; 349 bytes
[2021-08-30 10:14:32] Saving 9 values; 348 bytes
[2021-08-30 10:15:00] Saving 9 values; 349 bytes
[2021-08-30 10:15:06] Loaded 9 values
[2021-08-30 10:15:06] Backed up config/settings.bin to config/settings_backup.bin (349 bytes)
[2021-08-30 10:15:09] Saving 9 values; 349 bytes
[2021-08-30 10:15:32] Saving 9 values; 348 bytes
[2021-08-30 10:16:32] Saving 9 values; 348 bytes
[2021-08-30 10:17:32] Saving 9 values; 348 bytes
[2021-08-30 10:18:32] Saving 9 values; 348 bytes
[2021-08-30 10:19:32] Saving 9 values; 348 bytes
[2021-08-30 10:20:17] Saving 9 values; 348 bytes
[2021-08-30 10:20:23] Loaded 9 values
[2021-08-30 10:20:23] Backed up config/settings.bin to config/settings_backup.bin (348 bytes)
[2021-08-30 10:20:26] Saving 9 values; 348 bytes
[2021-08-30 10:21:26] Saving 9 values; 348 bytes
[2021-08-30 10:22:26] Saving 9 values; 348 bytes
[2021-08-30 10:23:26] Saving 9 values; 348 bytes
[2021-08-30 10:24:27] Loaded 9 values
[2021-08-30 10:24:27] Backed up config/settings.bin to config/settings_backup.bin (348 bytes)
[2021-08-30 10:24:30] Saving 9 values; 348 bytes
[2021-08-30 10:25:30] Saving 9 values; 348 bytes
[2021-08-30 10:25:57] Loaded 9 values
[2021-08-30 10:25:57] Backed up config/settings.bin to config/settings_backup.bin (348 bytes)
[2021-08-30 10:26:01] Saving 9 values; 348 bytes
[2021-08-30 10:27:01] Saving 9 values; 348 bytes
[2021-08-30 10:28:01] Saving 9 values; 348 bytes
[2021-08-30 10:29:01] Saving 9 values; 348 bytes
[2021-08-30 10:30:01] Saving 9 values; 348 bytes
[2021-08-30 10:31:01] Saving 9 values; 348 bytes
[2021-08-30 10:32:01] Saving 9 values; 348 bytes
[2021-08-30 10:33:01] Saving 9 values; 348 bytes
[2021-08-30 10:34:01] Saving 9 values; 348 bytes
[2021-08-30 10:35:01] Saving 9 values; 348 bytes
[2021-08-30 10:36:01] Saving 9 values; 348 bytes
[2021-08-30 10:37:01] Saving 9 values; 348 bytes
[2021-08-30 10:38:01] Saving 9 values; 348 bytes
[2021-08-30 10:39:01] Saving 9 values; 348 bytes
[2021-08-30 10:40:01] Saving 9 values; 348 bytes
[2021-08-30 10:41:01] Saving 9 values; 348 bytes
[2021-08-30 10:42:01] Saving 9 values; 348 bytes
[2021-08-30 10:43:01] Saving 9 values; 348 bytes
[2021-08-30 10:44:01] Saving 9 values; 348 bytes
[2021-08-30 10:45:01] Saving 9 values; 348 bytes
[2021-08-30 10:46:01] Saving 9 values; 348 bytes
[2021-08-30 10:47:01] Saving 9 values; 348 bytes
[2021-08-30 10:48:01] Saving 9 values; 348 bytes
[2021-08-30 10:49:01] Saving 9 values; 348 bytes
[2021-08-30 10:49:38] Saving 9 values; 348 bytes
[2021-08-30 10:49:41] Loaded 9 values
[2021-08-30 10:49:41] Backed up config/settings.bin to config/settings_backup.bin (348 bytes)
[2021-08-30 10:49:46] Saving 9 values; 348 bytes
[2021-08-30 10:50:46] Saving 9 values; 348 bytes
[2021-08-30 10:51:46] Saving 9 values; 348 bytes
[2021-08-30 10:52:46] Saving 9 values; 348 bytes
[2021-08-30 10:53:46] Saving 9 values; 348 bytes
[2021-08-30 10:54:46] Saving 9 values; 348 bytes
[2021-08-30 10:55:46] Saving 9 values; 348 bytes
[2021-08-30 10:56:46] Saving 9 values; 348 bytes
[2021-08-30 10:57:46] Saving 9 values; 348 bytes
[2021-08-30 10:58:46] Saving 9 values; 348 bytes
[2021-08-30 10:59:46] Saving 9 values; 348 bytes
[2021-08-30 11:00:46] Saving 9 values; 348 bytes
[2021-08-30 11:01:46] Saving 9 values; 348 bytes
[2021-08-30 11:02:46] Saving 9 values; 348 bytes
[2021-08-30 11:03:46] Saving 9 values; 348 bytes
[2021-08-30 11:04:46] Saving 9 values; 348 bytes
[2021-08-30 11:05:46] Saving 9 values; 348 bytes
[2021-08-30 11:06:46] Saving 9 values; 348 bytes
[2021-08-30 11:07:46] Saving 9 values; 348 bytes
[2021-08-30 11:08:46] Saving 9 values; 348 bytes
[2021-08-30 11:09:46] Saving 9 values; 348 bytes
[2021-08-30 11:10:46] Saving 9 values; 348 bytes
[2021-08-30 11:11:46] Saving 9 values; 348 bytes
[2021-08-30 11:12:46] Saving 9 values; 348 bytes
[2021-08-30 11:13:46] Saving 9 values; 348 bytes
[2021-08-30 11:14:46] Saving 9 values; 348 bytes
[2021-08-30 11:15:46] Saving 9 values; 348 bytes
[2021-08-30 11:16:46] Saving 9 values; 348 bytes
[2021-08-30 11:17:46] Saving 9 values; 348 bytes
[2021-08-30 11:18:46] Saving 9 values; 348 bytes
[2021-08-30 11:19:46] Saving 9 values; 348 bytes
[2021-08-30 11:20:46] Saving 9 values; 348 bytes
[2021-08-30 11:21:46] Saving 9 values; 348 bytes
[2021-08-30 11:22:46] Saving 9 values; 348 bytes
[2021-08-30 11:23:46] Saving 9 values; 348 bytes
[2021-08-30 11:24:46] Saving 9 values; 348 bytes
[2021-08-30 11:25:46] Saving 9 values; 348 bytes
[2021-08-30 11:26:46] Saving 9 values; 348 bytes
[2021-08-30 11:27:46] Saving 9 values; 348 bytes
[2021-08-30 11:28:46] Saving 9 values; 348 bytes
[2021-08-30 11:29:46] Saving 9 values; 348 bytes
[2021-08-30 11:30:46] Saving 9 values; 348 bytes
[2021-08-30 11:31:46] Saving 9 values; 348 bytes
[2021-08-30 11:32:46] Saving 9 values; 348 bytes
[2021-08-30 11:33:46] Saving 9 values; 348 bytes
[2021-08-30 11:34:46] Saving 9 values; 348 bytes
[2021-08-30 11:35:46] Saving 9 values; 348 bytes
[2021-08-30 11:36:46] Saving 9 values; 348 bytes
[2021-08-30 11:37:46] Saving 9 values; 348 bytes
[2021-08-30 11:38:46] Saving 9 values; 348 bytes
[2021-08-30 11:39:46] Saving 9 values; 348 bytes
[2021-08-30 11:40:46] Saving 9 values; 348 bytes
[2021-08-30 11:41:46] Saving 9 values; 348 bytes
[2021-08-30 11:42:46] Saving 9 values; 348 bytes
[2021-08-30 11:43:46] Saving 9 values; 348 bytes
[2021-08-30 11:44:46] Saving 9 values; 348 bytes
[2021-08-30 11:45:46] Saving 9 values; 348 bytes
[2021-08-30 11:46:46] Saving 9 values; 348 bytes
[2021-08-30 11:47:00] Saving 9 values; 348 bytes
[2021-08-30 11:47:39] Loaded 9 values
[2021-08-30 11:47:39] Backed up config/settings.bin to config/settings_backup.bin (348 bytes)
[2021-08-30 11:47:43] Saving 9 values; 348 bytes
[2021-08-30 11:48:43] Saving 9 values; 348 bytes
[2021-08-30 11:49:43] Saving 9 values; 348 bytes
[2021-08-30 11:50:43] Saving 9 values; 348 bytes
[2021-08-30 11:51:43] Saving 9 values; 348 bytes
[2021-08-30 11:52:43] Saving 9 values; 348 bytes
[2021-08-30 11:53:43] Saving 9 values; 348 bytes
[2021-08-30 11:54:43] Saving 9 values; 348 bytes
[2021-08-30 11:55:43] Saving 9 values; 348 bytes
[2021-08-30 11:56:43] Saving 9 values; 348 bytes
[2021-08-30 11:57:43] Saving 9 values; 348 bytes
[2021-08-30 11:58:43] Saving 9 values; 348 bytes
[2021-08-30 11:59:43] Saving 9 values; 348 bytes
[2021-08-30 12:00:43] Saving 9 values; 348 bytes
[2021-08-30 12:01:43] Saving 9 values; 348 bytes
[2021-08-30 12:02:43] Saving 9 values; 348 bytes
[2021-08-30 12:03:43] Saving 9 values; 348 bytes
[2021-08-30 12:04:43] Saving 9 values; 348 bytes
[2021-08-30 12:05:43] Saving 9 values; 348 bytes
[2021-08-30 12:06:43] Saving 9 values; 348 bytes
[2021-08-30 12:07:43] Saving 9 values; 348 bytes
[2021-08-30 12:08:43] Saving 9 values; 348 bytes
[2021-08-30 12:09:43] Saving 9 values; 348 bytes
[2021-08-30 12:10:43] Saving 9 values; 348 bytes
[2021-08-30 12:11:43] Saving 9 values; 348 bytes
[2021-08-30 12:12:43] Saving 9 values; 348 bytes
[2021-08-30 12:13:43] Saving 9 values; 348 bytes
[2021-08-30 12:14:43] Saving 9 values; 348 bytes
[2021-08-30 12:15:43] Saving 9 values; 348 bytes
[2021-08-30 12:16:43] Saving 9 values; 348 bytes
[2021-08-30 12:17:43] Saving 9 values; 348 bytes
[2021-08-30 12:18:43] Saving 9 values; 348 bytes
[2021-08-30 12:19:43] Saving 9 values; 348 bytes
[2021-08-30 12:20:43] Saving 9 values; 348 bytes
[2021-08-30 12:21:43] Saving 9 values; 348 bytes
[2021-08-30 12:22:43] Saving 9 values; 348 bytes
[2021-08-30 12:23:36] Loaded 9 values
[2021-08-30 12:23:36] Backed up config/settings.bin to config/settings_backup.bin (348 bytes)
[2021-08-30 12:23:41] Saving 9 values; 348 bytes
[2021-08-30 12:24:41] Saving 9 values; 348 bytes
[2021-08-30 12:25:41] Saving 9 values; 348 bytes
[2021-08-30 12:26:41] Saving 9 values; 348 bytes
[2021-08-30 12:27:19] Loaded 9 values
[2021-08-30 12:27:19] Backed up config/settings.bin to config/settings_backup.bin (348 bytes)
[2021-08-30 12:27:24] Saving 9 values; 348 bytes
[2021-08-30 12:28:24] Saving 9 values; 348 bytes
[2021-08-30 12:29:24] Saving 9 values; 348 bytes
[2021-08-30 12:29:33] Saving 9 values; 348 bytes
[2021-08-30 12:29:33] Saving 9 values; 349 bytes
[2021-08-30 12:29:34] Saving 9 values; 349 bytes
[2021-08-30 12:30:24] Saving 9 values; 349 bytes
[2021-08-30 12:31:24] Saving 9 values; 349 bytes
[2021-08-30 12:32:24] Saving 9 values; 349 bytes
[2021-08-30 12:33:24] Saving 9 values; 349 bytes
[2021-08-30 12:34:24] Saving 9 values; 349 bytes
[2021-08-30 12:35:23] Loaded 9 values
[2021-08-30 12:35:23] Backed up config/settings.bin to config/settings_backup.bin (349 bytes)
[2021-08-30 12:35:29] Saving 9 values; 349 bytes
[2021-08-30 12:35:35] Saving 9 values; 349 bytes
[2021-08-30 12:35:35] Saving 9 values; 349 bytes
[2021-08-30 12:35:36] Saving 9 values; 349 bytes
[2021-08-30 12:36:29] Saving 9 values; 349 bytes
[2021-08-30 12:37:29] Saving 9 values; 349 bytes
[2021-08-30 12:38:29] Saving 9 values; 349 bytes
[2021-08-30 12:39:29] Saving 9 values; 349 bytes
[2021-08-30 12:40:29] Saving 9 values; 349 bytes
[2021-08-30 12:41:29] Saving 9 values; 349 bytes
[2021-08-30 12:42:29] Saving 9 values; 349 bytes
[2021-08-30 12:43:29] Saving 9 values; 349 bytes
[2021-08-30 12:44:29] Saving 9 values; 349 bytes
[2021-08-30 12:45:29] Saving 9 values; 349 bytes
[2021-08-30 12:46:29] Saving 9 values; 349 bytes
[2021-08-30 12:47:29] Saving 9 values; 349 bytes
[2021-08-30 12:48:29] Saving 9 values; 349 bytes
[2021-08-30 12:49:29] Saving 9 values; 349 bytes
[2021-08-30 12:50:29] Saving 9 values; 349 bytes
[2021-08-30 12:51:29] Saving 9 values; 349 bytes
[2021-08-30 12:52:29] Saving 9 values; 349 bytes
[2021-08-30 12:52:42] Saving 9 values; 349 bytes
[2021-08-30 12:52:42] Saving 9 values; 349 bytes
[2021-08-30 12:52:42] Saving 9 values; 349 bytes
[2021-08-30 12:53:29] Saving 9 values; 349 bytes
[2021-08-30 12:54:29] Saving 9 values; 349 bytes
[2021-08-30 12:55:26] Loaded 9 values
[2021-08-30 12:55:26] Backed up config/settings.bin to config/settings_backup.bin (349 bytes)
[2021-08-30 12:55:31] Saving 9 values; 349 bytes
[2021-08-30 12:55:32] Saving 9 values; 349 bytes
[2021-08-30 12:55:32] Saving 9 values; 349 bytes
[2021-08-30 12:55:33] Saving 9 values; 349 bytes
[2021-08-30 12:56:31] Saving 9 values; 349 bytes
[2021-08-30 12:57:31] Saving 9 values; 349 bytes
[2021-08-30 12:58:31] Saving 9 values; 349 bytes
[2021-08-30 12:59:31] Saving 9 values; 349 bytes
[2021-08-30 13:00:13] Loaded 9 values
[2021-08-30 13:00:13] Backed up config/settings.bin to config/settings_backup.bin (349 bytes)
[2021-08-30 13:00:18] Saving 9 values; 349 bytes
[2021-08-30 13:00:20] Saving 9 values; 349 bytes
[2021-08-30 13:00:20] Saving 9 values; 349 bytes
[2021-08-30 13:00:21] Saving 9 values; 349 bytes
[2021-08-30 13:01:18] Saving 9 values; 349 bytes
[2021-08-30 13:02:18] Saving 9 values; 349 bytes
[2021-08-30 13:03:18] Saving 9 values; 349 bytes
[2021-08-30 13:04:18] Saving 9 values; 349 bytes
[2021-08-30 13:05:18] Saving 9 values; 349 bytes
[2021-08-30 13:06:18] Saving 9 values; 349 bytes
[2021-08-30 13:07:18] Saving 9 values; 349 bytes
[2021-08-30 13:08:18] Saving 9 values; 349 bytes
[2021-08-30 13:09:18] Saving 9 values; 349 bytes
[2021-08-30 13:09:49] Saving 9 values; 349 bytes
[2021-08-30 13:09:57] Loaded 9 values
[2021-08-30 13:09:57] Backed up config/settings.bin to config/settings_backup.bin (349 bytes)
[2021-08-30 13:10:02] Saving 9 values; 349 bytes
[2021-08-30 13:10:02] Saving 9 values; 349 bytes
[2021-08-30 13:10:03] Saving 9 values; 349 bytes
[2021-08-30 13:10:03] Saving 9 values; 349 bytes
[2021-08-30 13:11:02] Saving 9 values; 349 bytes
[2021-08-30 13:12:02] Saving 9 values; 349 bytes
[2021-08-30 13:13:02] Saving 9 values; 349 bytes
[2021-08-30 13:14:02] Saving 9 values; 349 bytes
[2021-08-30 13:15:02] Saving 9 values; 349 bytes
[2021-08-30 13:16:02] Saving 9 values; 349 bytes
[2021-08-30 13:17:02] Saving 9 values; 349 bytes
[2021-08-30 13:18:02] Saving 9 values; 349 bytes
[2021-08-30 13:19:02] Saving 9 values; 349 bytes
[2021-08-30 13:20:02] Saving 9 values; 349 bytes
[2021-08-30 13:21:02] Saving 9 values; 349 bytes
[2021-08-30 13:22:02] Saving 9 values; 349 bytes
[2021-08-30 13:23:02] Saving 9 values; 349 bytes
[2021-08-30 13:24:02] Saving 9 values; 349 bytes
[2021-08-30 13:25:02] Saving 9 values; 349 bytes
[2021-08-30 13:26:02] Saving 9 values; 349 bytes
[2021-08-30 13:27:02] Saving 9 values; 349 bytes
[2021-08-30 13:28:02] Saving 9 values; 349 bytes
[2021-08-30 13:29:02] Saving 9 values; 349 bytes
[2021-08-30 13:29:36] Saving 9 values; 349 bytes
[2021-08-30 13:29:36] Saving 9 values; 349 bytes
[2021-08-30 13:29:36] Saving 9 values; 349 bytes
[2021-08-30 13:30:02] Saving 9 values; 349 bytes
[2021-08-30 13:31:02] Saving 9 values; 349 bytes
[2021-08-30 13:32:02] Saving 9 values; 349 bytes
[2021-08-30 13:33:02] Saving 9 values; 349 bytes
[2021-08-30 13:34:02] Saving 9 values; 349 bytes
[2021-08-30 13:35:02] Saving 9 values; 349 bytes
[2021-08-30 13:36:02] Saving 9 values; 349 bytes
[2021-08-30 13:37:02] Saving 9 values; 349 bytes
[2021-08-30 13:38:02] Saving 9 values; 349 bytes
[2021-08-30 13:39:02] Saving 9 values; 349 bytes
[2021-08-30 13:40:02] Saving 9 values; 349 bytes
[2021-08-30 13:41:02] Saving 9 values; 349 bytes
[2021-08-30 13:42:02] Saving 9 values; 349 bytes
[2021-08-30 13:43:02] Saving 9 values; 349 bytes
[2021-08-30 13:44:02] Saving 9 values; 349 bytes
[2021-08-30 13:44:40] Saving 9 values; 349 bytes
[2021-08-30 13:44:40] Saving 9 values; 349 bytes
[2021-08-30 13:44:40] Saving 9 values; 349 bytes
[2021-08-30 13:45:02] Saving 9 values; 349 bytes
[2021-08-30 13:46:02] Saving 9 values; 349 bytes
[2021-08-30 13:47:02] Saving 9 values; 349 bytes
[2021-08-30 13:48:02] Saving 9 values; 349 bytes
[2021-08-30 13:49:02] Saving 9 values; 349 bytes
[2021-08-30 13:50:02] Saving 9 values; 349 bytes
[2021-08-30 13:51:02] Saving 9 values; 349 bytes
[2021-08-30 13:52:02] Saving 9 values; 349 bytes
[2021-08-30 13:53:02] Saving 9 values; 349 bytes
[2021-08-30 13:54:02] Saving 9 values; 349 bytes
[2021-08-30 13:55:02] Saving 9 values; 349 bytes
[2021-08-30 13:56:02] Saving 9 values; 349 bytes
[2021-08-30 13:57:02] Saving 9 values; 349 bytes
[2021-08-30 13:58:02] Saving 9 values; 349 bytes
[2021-08-30 13:59:02] Saving 9 values; 349 bytes
[2021-08-30 14:00:02] Saving 9 values; 349 bytes
[2021-08-30 14:01:02] Saving 9 values; 349 bytes
[2021-08-30 14:02:02] Saving 9 values; 349 bytes
[2021-08-30 14:03:02] Saving 9 values; 349 bytes
[2021-08-30 14:04:02] Saving 9 values; 349 bytes
[2021-08-30 14:05:02] Saving 9 values; 349 bytes
[2021-08-30 14:06:02] Saving 9 values; 349 bytes
[2021-08-30 14:06:38] Saving 9 values; 349 bytes
[2021-08-30 14:06:38] Saving 9 values; 349 bytes
[2021-08-30 14:06:38] Saving 9 values; 349 bytes
[2021-08-30 14:07:02] Saving 9 values; 349 bytes
[2021-08-30 14:08:02] Saving 9 values; 349 bytes
[2021-08-30 14:09:02] Saving 9 values; 349 bytes
[2021-08-30 14:10:02] Saving 9 values; 349 bytes
[2021-08-30 14:11:02] Saving 9 values; 349 bytes
[2021-08-30 14:12:02] Saving 9 values; 349 bytes
[2021-08-30 14:13:02] Saving 9 values; 349 bytes
[2021-08-30 14:14:02] Saving 9 values; 349 bytes
[2021-08-30 14:15:02] Saving 9 values; 349 bytes
[2021-08-30 14:16:02] Saving 9 values; 349 bytes
[2021-08-30 14:17:02] Saving 9 values; 349 bytes
[2021-08-30 14:18:02] Saving 9 values; 349 bytes
[2021-08-30 14:19:02] Saving 9 values; 349 bytes
[2021-08-30 14:20:02] Saving 9 values; 349 bytes
[2021-08-30 14:21:02] Saving 9 values; 349 bytes
[2021-08-30 14:22:02] Saving 9 values; 349 bytes
[2021-08-30 14:23:02] Saving 9 values; 349 bytes
[2021-08-30 14:23:44] Loaded 9 values
[2021-08-30 14:23:44] Backed up config/settings.bin to config/settings_backup.bin (349 bytes)
[2021-08-30 14:23:49] Saving 9 values; 349 bytes
[2021-08-30 14:23:53] Saving 9 values; 349 bytes
[2021-08-30 14:23:53] Saving 9 values; 348 bytes
[2021-08-30 14:23:53] Saving 9 values; 348 bytes
[2021-08-30 14:24:49] Saving 9 values; 348 bytes
[2021-08-30 14:25:49] Saving 9 values; 348 bytes
[2021-08-30 14:26:49] Saving 9 values; 348 bytes
[2021-08-30 14:27:12] Loaded 9 values
[2021-08-30 14:27:12] Backed up config/settings.bin to config/settings_backup.bin (348 bytes)
[2021-08-30 14:27:17] Saving 9 values; 348 bytes
[2021-08-30 14:27:21] Saving 9 values; 348 bytes
[2021-08-30 14:27:21] Saving 9 values; 348 bytes
[2021-08-30 14:27:21] Saving 9 values; 348 bytes
[2021-08-30 14:28:17] Saving 9 values; 348 bytes
[2021-08-30 14:29:17] Saving 9 values; 348 bytes
[2021-08-30 14:30:17] Saving 9 values; 348 bytes
[2021-08-30 14:31:17] Saving 9 values; 348 bytes
[2021-08-30 14:32:17] Saving 9 values; 348 bytes
[2021-08-30 14:33:17] Saving 9 values; 348 bytes
[2021-08-30 14:34:17] Saving 9 values; 348 bytes
[2021-08-30 14:35:17] Saving 9 values; 348 bytes
[2021-08-30 14:36:17] Saving 9 values; 348 bytes
[2021-08-30 14:37:17] Saving 9 values; 348 bytes
[2021-08-30 14:38:17] Saving 9 values; 348 bytes
[2021-08-30 14:39:17] Saving 9 values; 348 bytes
[2021-08-30 14:40:17] Saving 9 values; 348 bytes
[2021-08-30 14:41:17] Saving 9 values; 348 bytes
[2021-08-30 14:41:36] Saving 9 values; 348 bytes
[2021-08-30 14:41:36] Saving 9 values; 348 bytes
[2021-08-30 14:41:36] Saving 9 values; 348 bytes
[2021-08-30 14:42:17] Saving 9 values; 348 bytes
[2021-08-30 14:42:22] Saving 9 values; 348 bytes
[2021-08-30 14:42:25] Loaded 9 values
[2021-08-30 14:42:25] Backed up config/settings.bin to config/settings_backup.bin (348 bytes)
[2021-08-30 14:42:30] Saving 9 values; 348 bytes
[2021-08-30 14:42:34] Saving 9 values; 348 bytes
[2021-08-30 14:42:34] Saving 9 values; 349 bytes
[2021-08-30 14:42:35] Saving 9 values; 349 bytes
[2021-08-30 14:43:30] Saving 9 values; 349 bytes
[2021-08-30 14:44:30] Saving 9 values; 349 bytes
[2021-08-30 14:45:30] Saving 9 values; 349 bytes
[2021-08-30 14:45:34] Loaded 9 values
[2021-08-30 14:45:34] Backed up config/settings.bin to config/settings_backup.bin (349 bytes)
[2021-08-30 14:45:39] Saving 9 values; 349 bytes
[2021-08-30 14:45:39] Saving 9 values; 349 bytes
[2021-08-30 14:45:39] Saving 9 values; 349 bytes
[2021-08-30 14:45:39] Saving 9 values; 349 bytes
[2021-08-30 14:46:39] Saving 9 values; 349 bytes
[2021-08-30 14:47:39] Saving 9 values; 349 bytes
[2021-08-30 14:48:05] Saving 9 values; 349 bytes
[2021-08-30 14:48:09] Loaded 9 values
[2021-08-30 14:48:09] Backed up config/settings.bin to config/settings_backup.bin (349 bytes)
[2021-08-30 14:48:14] Saving 9 values; 349 bytes
[2021-08-30 14:48:14] Saving 9 values; 349 bytes
[2021-08-30 14:48:15] Saving 9 values; 349 bytes
[2021-08-30 14:49:14] Saving 9 values; 349 bytes
[2021-08-30 14:50:14] Saving 9 values; 349 bytes
[2021-08-30 14:51:14] Saving 9 values; 349 bytes
[2021-08-30 14:51:32] Saving 9 values; 553 bytes
[2021-08-30 14:51:32] Saving 9 values; 553 bytes
[2021-08-30 14:51:32] Saving 9 values; 553 bytes
[2021-08-30 14:52:14] Saving 9 values; 553 bytes
[2021-08-30 14:53:14] Saving 9 values; 553 bytes
[2021-08-30 14:54:14] Saving 9 values; 553 bytes
[2021-08-30 14:55:14] Saving 9 values; 553 bytes
[2021-08-30 14:56:14] Saving 9 values; 553 bytes
[2021-08-30 14:57:14] Saving 9 values; 553 bytes
[2021-08-30 14:58:13] Saving 9 values; 553 bytes
[2021-08-30 14:58:13] Saving 9 values; 553 bytes
[2021-08-30 14:58:13] Saving 9 values; 553 bytes
[2021-08-30 14:58:14] Saving 9 values; 553 bytes
[2021-08-30 14:59:14] Saving 9 values; 553 bytes
[2021-08-30 15:00:14] Saving 9 values; 553 bytes
[2021-08-30 15:01:14] Saving 9 values; 553 bytes
[2021-08-30 15:01:50] Saving 9 values; 553 bytes
[2021-08-30 15:01:56] Loaded 9 values
[2021-08-30 15:01:56] Backed up config/settings.bin to config/settings_backup.bin (553 bytes)
[2021-08-30 15:02:01] Saving 9 values; 553 bytes
[2021-08-30 15:02:01] Saving 9 values; 553 bytes
[2021-08-30 15:02:01] Saving 9 values; 553 bytes
[2021-08-30 15:02:01] Saving 9 values; 553 bytes
[2021-08-30 15:03:01] Saving 9 values; 553 bytes
[2021-08-30 15:04:01] Saving 9 values; 553 bytes
[2021-08-30 15:04:34] Saving 9 values; 553 bytes
[2021-08-30 15:04:37] Loaded 9 values
[2021-08-30 15:04:37] Backed up config/settings.bin to config/settings_backup.bin (553 bytes)
[2021-08-30 15:04:42] Saving 9 values; 553 bytes
[2021-08-30 15:04:42] Saving 9 values; 553 bytes
[2021-08-30 15:04:42] Saving 9 values; 553 bytes
[2021-08-30 15:05:41] Saving 9 values; 553 bytes
[2021-08-30 15:06:41] Saving 9 values; 553 bytes
[2021-08-30 15:07:41] Saving 9 values; 553 bytes
[2021-08-30 15:08:41] Saving 9 values; 553 bytes
[2021-08-30 15:09:41] Saving 9 values; 553 bytes
[2021-08-30 15:10:41] Saving 9 values; 553 bytes
[2021-08-30 15:11:42] Saving 9 values; 553 bytes
[2021-08-30 15:12:41] Saving 9 values; 553 bytes
[2021-08-30 15:13:41] Saving 9 values; 553 bytes
[2021-08-30 15:14:41] Saving 9 values; 553 bytes
[2021-08-30 15:14:46] Loaded 9 values
[2021-08-30 15:14:46] Backed up config/settings.bin to config/settings_backup.bin (553 bytes)
[2021-08-30 15:14:51] Saving 9 values; 553 bytes
[2021-08-30 15:14:57] Saving 9 values; 553 bytes
[2021-08-30 15:14:57] Saving 9 values; 553 bytes
[2021-08-30 15:14:57] Saving 9 values; 553 bytes
[2021-08-30 15:15:51] Saving 9 values; 553 bytes
[2021-08-30 15:16:51] Saving 9 values; 553 bytes
[2021-08-30 15:17:51] Saving 9 values; 553 bytes
[2021-08-30 15:18:51] Saving 9 values; 553 bytes
[2021-08-30 15:19:51] Saving 9 values; 553 bytes
[2021-08-30 15:20:51] Saving 9 values; 553 bytes
[2021-08-30 15:21:51] Saving 9 values; 553 bytes
[2021-08-30 15:22:01] Loaded 9 values
[2021-08-30 15:22:01] Backed up config/settings.bin to config/settings_backup.bin (553 bytes)
[2021-08-30 15:22:06] Saving 9 values; 553 bytes
[2021-08-30 15:22:46] Loaded 9 values
[2021-08-30 15:22:46] Backed up config/settings.bin to config/settings_backup.bin (553 bytes)
[2021-08-30 15:22:51] Saving 9 values; 553 bytes
[2021-08-30 15:23:51] Saving 9 values; 553 bytes
[2021-08-30 15:24:51] Saving 9 values; 553 bytes
[2021-08-30 15:25:51] Saving 9 values; 553 bytes
[2021-08-30 15:26:51] Saving 9 values; 553 bytes
[2021-08-30 15:27:36] Loaded 9 values
[2021-08-30 15:27:36] Backed up config/settings.bin to config/settings_backup.bin (553 bytes)
[2021-08-30 15:27:40] Saving 9 values; 553 bytes
[2021-08-30 15:28:40] Saving 9 values; 553 bytes
[2021-08-30 15:29:18] Loaded 9 values
[2021-08-30 15:29:18] Backed up config/settings.bin to config/settings_backup.bin (553 bytes)
[2021-08-30 15:29:22] Saving 9 values; 553 bytes
[2021-08-30 15:30:22] Saving 9 values; 553 bytes
[2021-08-30 15:31:22] Saving 9 values; 553 bytes
[2021-08-30 15:32:22] Saving 9 values; 553 bytes
[2021-08-30 15:33:22] Saving 9 values; 553 bytes
[2021-08-30 15:34:22] Saving 9 values; 553 bytes
[2021-08-30 15:35:22] Saving 9 values; 553 bytes
[2021-08-30 15:36:22] Saving 9 values; 553 bytes
[2021-08-30 15:36:58] Loaded 9 values
[2021-08-30 15:36:58] Backed up config/settings.bin to config/settings_backup.bin (553 bytes)
[2021-08-30 15:37:02] Saving 9 values; 553 bytes
[2021-08-30 15:38:02] Saving 9 values; 553 bytes
[2021-08-30 15:38:23] Loaded 9 values
[2021-08-30 15:38:23] Backed up config/settings.bin to config/settings_backup.bin (553 bytes)
[2021-08-30 15:38:28] Saving 9 values; 553 bytes
[2021-08-30 15:39:28] Saving 9 values; 553 bytes
[2021-08-30 15:40:28] Saving 9 values; 553 bytes
[2021-08-30 15:41:28] Saving 9 values; 553 bytes
[2021-08-30 15:42:28] Saving 9 values; 553 bytes
[2021-08-30 15:43:28] Saving 9 values; 553 bytes
[2021-08-30 15:44:07] Loaded 9 values
[2021-08-30 15:44:07] Backed up config/settings.bin to config/settings_backup.bin (553 bytes)
[2021-08-30 15:44:11] Saving 9 values; 553 bytes
[2021-08-30 15:45:11] Saving 9 values; 553 bytes
[2021-08-30 15:46:11] Saving 9 values; 553 bytes
[2021-08-30 15:47:11] Saving 9 values; 553 bytes
[2021-08-30 15:48:11] Saving 9 values; 553 bytes
[2021-08-30 15:49:11] Saving 9 values; 553 bytes
[2021-08-30 15:50:11] Saving 9 values; 553 bytes
[2021-08-30 15:51:11] Saving 9 values; 553 bytes
[2021-08-30 15:52:11] Saving 9 values; 553 bytes
[2021-08-30 15:53:11] Saving 9 values; 553 bytes
[2021-08-30 15:54:11] Saving 9 values; 553 bytes
[2021-08-30 15:55:11] Saving 9 values; 553 bytes
[2021-08-30 15:56:11] Saving 9 values; 553 bytes
[2021-08-30 15:57:11] Saving 9 values; 553 bytes
[2021-08-30 15:58:11] Saving 9 values; 553 bytes
[2021-08-30 15:59:11] Saving 9 values; 553 bytes
[2021-08-30 16:00:11] Saving 9 values; 553 bytes
[2021-08-30 16:01:11] Saving 9 values; 553 bytes
[2021-08-30 16:02:11] Saving 9 values; 553 bytes
[2021-08-30 16:03:11] Saving 9 values; 553 bytes
[2021-08-30 16:04:11] Saving 9 values; 553 bytes
[2021-08-30 16:05:11] Saving 9 values; 553 bytes
[2021-08-30 16:06:11] Saving 9 values; 553 bytes
[2021-08-30 16:07:11] Saving 9 values; 553 bytes
[2021-08-30 16:08:11] Saving 9 values; 553 bytes
[2021-08-30 16:09:11] Saving 9 values; 553 bytes
[2021-08-30 16:10:11] Saving 9 values; 553 bytes
[2021-08-30 16:11:11] Saving 9 values; 553 bytes
[2021-08-30 16:12:11] Saving 9 values; 553 bytes
[2021-08-30 16:13:11] Saving 9 values; 553 bytes
[2021-08-30 16:14:11] Saving 9 values; 553 bytes
[2021-08-30 16:15:11] Saving 9 values; 553 bytes
[2021-08-30 16:16:11] Saving 9 values; 553 bytes
[2021-08-30 16:17:11] Saving 9 values; 553 bytes
[2021-08-30 16:18:11] Saving 9 values; 553 bytes
[2021-08-30 16:19:11] Saving 9 values; 553 bytes
[2021-08-30 16:20:11] Saving 9 values; 553 bytes
[2021-08-30 16:21:11] Saving 9 values; 553 bytes
[2021-08-30 16:22:11] Saving 9 values; 553 bytes
[2021-08-30 16:23:11] Saving 9 values; 553 bytes
[2021-08-30 16:24:11] Saving 9 values; 553 bytes
[2021-08-30 16:25:11] Saving 9 values; 553 bytes
[2021-08-30 16:26:11] Saving 9 values; 553 bytes
[2021-08-30 16:27:11] Saving 9 values; 553 bytes
[2021-08-30 16:28:11] Saving 9 values; 553 bytes
[2021-08-30 16:29:11] Saving 9 values; 553 bytes
[2021-08-30 16:30:11] Saving 9 values; 553 bytes
[2021-08-30 16:31:11] Saving 9 values; 553 bytes
[2021-08-30 16:32:11] Saving 9 values; 553 bytes
[2021-08-30 16:33:11] Saving 9 values; 553 bytes
[2021-08-30 16:34:11] Saving 9 values; 553 bytes
[2021-08-30 16:35:11] Saving 9 values; 553 bytes
[2021-08-30 16:36:11] Saving 9 values; 553 bytes
[2021-08-30 16:37:11] Saving 9 values; 553 bytes
[2021-08-30 16:38:11] Saving 9 values; 553 bytes
[2021-08-30 16:39:11] Saving 9 values; 553 bytes
[2021-08-30 16:40:11] Saving 9 values; 553 bytes
[2021-08-30 16:41:11] Saving 9 values; 553 bytes
[2021-08-30 16:42:11] Saving 9 values; 553 bytes
[2021-08-30 16:43:11] Saving 9 values; 553 bytes
[2021-08-30 16:44:11] Saving 9 values; 553 bytes
[2021-08-30 16:45:11] Saving 9 values; 553 bytes
[2021-08-30 16:46:11] Saving 9 values; 553 bytes
[2021-08-30 16:47:11] Saving 9 values; 553 bytes
[2021-08-30 16:48:11] Saving 9 values; 553 bytes
[2021-08-30 16:49:11] Saving 9 values; 553 bytes
[2021-08-30 16:50:11] Saving 9 values; 553 bytes
[2021-08-30 16:51:11] Saving 9 values; 553 bytes
[2021-08-30 16:52:11] Saving 9 values; 553 bytes
[2021-08-30 16:53:11] Saving 9 values; 553 bytes
[2021-08-30 16:54:11] Saving 9 values; 553 bytes
[2021-08-30 16:55:11] Saving 9 values; 553 bytes
[2021-08-30 16:56:11] Saving 9 values; 553 bytes
[2021-08-30 16:57:11] Saving 9 values; 553 bytes
[2021-08-30 16:58:11] Saving 9 values; 553 bytes
[2021-08-30 16:59:11] Saving 9 values; 553 bytes
[2021-08-30 17:00:11] Saving 9 values; 553 bytes
[2021-08-30 17:01:11] Saving 9 values; 553 bytes
[2021-08-30 17:02:11] Saving 9 values; 553 bytes
[2021-08-30 17:03:11] Saving 9 values; 553 bytes
[2021-08-30 17:04:11] Saving 9 values; 553 bytes
[2021-08-30 17:05:11] Saving 9 values; 553 bytes
[2021-08-30 17:06:11] Saving 9 values; 553 bytes
[2021-08-30 17:07:11] Saving 9 values; 553 bytes
[2021-08-30 17:07:43] Saving 9 values; 521 bytes
[2021-08-30 17:08:04] Saving 9 values; 521 bytes
[2021-08-30 17:08:04] Saving 9 values; 521 bytes
[2021-08-30 17:08:05] Saving 9 values; 521 bytes
[2021-08-30 17:08:12] Saving 9 values; 521 bytes
[2021-08-30 17:08:25] Saving 10 values; 534 bytes
[2021-08-30 17:08:47] Saving 10 values; 533 bytes
[2021-08-30 17:09:12] Saving 10 values; 533 bytes
[2021-08-30 17:10:12] Saving 10 values; 533 bytes
[2021-08-30 17:11:12] Saving 10 values; 533 bytes
[2021-08-30 17:12:12] Saving 10 values; 533 bytes
[2021-08-30 17:13:12] Saving 10 values; 533 bytes
[2021-08-30 17:14:12] Saving 10 values; 533 bytes
[2021-08-30 17:15:12] Saving 10 values; 533 bytes
[2021-08-30 17:16:12] Saving 10 values; 533 bytes
[2021-08-30 17:17:12] Saving 10 values; 533 bytes
[2021-08-30 17:18:12] Saving 10 values; 533 bytes
[2021-08-30 17:19:12] Saving 10 values; 533 bytes
[2021-08-30 17:20:12] Saving 10 values; 533 bytes
[2021-08-30 17:21:12] Saving 10 values; 533 bytes
[2021-08-30 17:22:12] Saving 10 values; 533 bytes
[2021-08-30 17:23:12] Saving 10 values; 533 bytes
[2021-08-30 17:24:12] Saving 10 values; 533 bytes
[2021-08-30 17:24:23] Saving 10 values; 533 bytes
[2021-08-30 17:24:23] Saving 10 values; 533 bytes
[2021-08-30 17:24:23] Saving 10 values; 533 bytes
[2021-08-30 17:25:12] Saving 10 values; 533 bytes
[2021-08-30 17:26:12] Saving 10 values; 533 bytes
[2021-08-30 17:27:12] Saving 10 values; 533 bytes
[2021-08-30 17:28:12] Saving 10 values; 533 bytes
[2021-08-30 17:29:12] Saving 10 values; 533 bytes
[2021-08-30 17:29:17] Saving 10 values; 533 bytes
[2021-08-30 17:29:17] Saving 10 values; 533 bytes
[2021-08-30 17:29:17] Saving 10 values; 533 bytes
[2021-08-30 17:30:12] Saving 10 values; 533 bytes
[2021-08-30 17:31:12] Saving 10 values; 533 bytes
[2021-08-30 17:32:12] Saving 10 values; 533 bytes
[2021-08-30 17:33:12] Saving 10 values; 533 bytes
[2021-08-30 17:34:12] Saving 10 values; 533 bytes
[2021-08-30 17:34:17] Loaded 10 values
[2021-08-30 17:34:17] Backed up config/settings.bin to config/settings_backup.bin (533 bytes)
[2021-08-30 17:34:21] Saving 10 values; 533 bytes
[2021-08-30 17:34:24] Saving 10 values; 533 bytes
[2021-08-30 17:34:24] Saving 10 values; 533 bytes
[2021-08-30 17:34:25] Saving 10 values; 533 bytes
[2021-08-30 17:35:21] Saving 10 values; 533 bytes
[2021-08-30 17:36:21] Saving 10 values; 533 bytes
[2021-08-30 17:37:21] Saving 10 values; 533 bytes
[2021-08-30 17:38:21] Saving 10 values; 533 bytes
[2021-08-30 17:39:19] Saving 10 values; 533 bytes
[2021-08-30 17:39:19] Saving 10 values; 533 bytes
[2021-08-30 17:39:19] Saving 10 values; 533 bytes
[2021-08-30 17:39:21] Saving 10 values; 533 bytes
[2021-08-30 17:40:21] Saving 10 values; 533 bytes
[2021-08-30 17:41:21] Saving 10 values; 533 bytes
[2021-08-30 17:42:21] Saving 10 values; 533 bytes
[2021-08-30 17:43:21] Saving 10 values; 533 bytes
[2021-08-30 17:44:21] Saving 10 values; 533 bytes
[2021-08-30 17:45:21] Saving 10 values; 533 bytes
[2021-08-30 17:46:21] Saving 10 values; 533 bytes
[2021-08-30 17:47:21] Saving 10 values; 533 bytes
[2021-08-30 17:48:21] Saving 10 values; 533 bytes
[2021-08-30 17:49:21] Saving 10 values; 533 bytes
[2021-08-30 17:50:21] Saving 10 values; 533 bytes
[2021-08-30 17:51:21] Saving 10 values; 533 bytes
[2021-08-30 17:52:21] Saving 10 values; 533 bytes
[2021-08-30 17:53:21] Saving 10 values; 533 bytes
[2021-08-30 17:54:21] Saving 10 values; 533 bytes
[2021-08-30 17:55:21] Saving 10 values; 533 bytes
[2021-08-30 17:56:21] Saving 10 values; 533 bytes
[2021-08-30 17:57:21] Saving 10 values; 533 bytes
[2021-08-30 17:58:21] Saving 10 values; 533 bytes
[2021-08-30 17:59:21] Saving 10 values; 533 bytes
[2021-08-30 18:00:21] Saving 10 values; 533 bytes
[2021-08-30 18:01:21] Saving 10 values; 533 bytes
[2021-08-30 18:02:21] Saving 10 values; 533 bytes
[2021-08-30 18:03:21] Saving 10 values; 533 bytes
[2021-08-30 18:04:21] Saving 10 values; 533 bytes
[2021-08-30 18:05:21] Saving 10 values; 533 bytes
[2021-08-30 18:06:21] Saving 10 values; 533 bytes
[2021-08-30 18:07:21] Saving 10 values; 533 bytes
[2021-08-30 18:08:21] Saving 10 values; 533 bytes
[2021-08-30 18:09:21] Saving 10 values; 533 bytes
[2021-08-30 18:10:21] Saving 10 values; 533 bytes
[2021-08-30 18:11:21] Saving 10 values; 533 bytes
[2021-08-30 18:12:21] Saving 10 values; 533 bytes
[2021-08-30 18:13:21] Saving 10 values; 533 bytes
[2021-08-30 18:14:21] Saving 10 values; 533 bytes
[2021-08-30 18:15:21] Saving 10 values; 533 bytes
[2021-08-30 18:15:41] Saving 10 values; 533 bytes
[2021-08-30 18:15:41] Saving 10 values; 533 bytes
[2021-08-30 18:15:41] Saving 10 values; 533 bytes
[2021-08-30 18:16:21] Saving 10 values; 533 bytes
[2021-08-30 18:17:21] Saving 10 values; 533 bytes
[2021-08-30 18:18:21] Saving 10 values; 533 bytes
[2021-08-30 18:19:21] Saving 10 values; 533 bytes
[2021-08-30 18:19:34] Saving 10 values; 533 bytes
[2021-08-30 18:19:34] Saving 10 values; 533 bytes
[2021-08-30 18:19:34] Saving 10 values; 533 bytes
[2021-08-30 18:20:21] Saving 10 values; 533 bytes
[2021-08-30 18:21:21] Saving 10 values; 533 bytes
[2021-08-30 18:22:21] Saving 10 values; 533 bytes
[2021-08-30 18:23:21] Saving 10 values; 533 bytes
[2021-08-30 18:24:21] Saving 10 values; 533 bytes
[2021-08-30 18:25:21] Saving 10 values; 533 bytes
[2021-08-30 18:26:21] Saving 10 values; 533 bytes
[2021-08-30 18:27:21] Saving 10 values; 533 bytes
[2021-08-30 18:28:21] Saving 10 values; 533 bytes
[2021-08-30 18:29:21] Saving 10 values; 533 bytes
[2021-08-30 18:30:21] Saving 10 values; 533 bytes
[2021-08-30 18:31:21] Saving 10 values; 533 bytes
[2021-08-30 18:32:21] Saving 10 values; 533 bytes
[2021-08-30 18:33:21] Saving 10 values; 533 bytes
[2021-08-30 18:34:21] Saving 10 values; 533 bytes
[2021-08-30 18:35:21] Saving 10 values; 533 bytes
[2021-08-30 18:36:21] Saving 10 values; 533 bytes
[2021-08-30 18:37:21] Saving 10 values; 533 bytes
[2021-08-30 18:38:21] Saving 10 values; 533 bytes
[2021-08-30 18:39:21] Saving 10 values; 533 bytes
[2021-08-30 18:40:21] Saving 10 values; 533 bytes
[2021-08-30 18:41:21] Saving 10 values; 533 bytes
[2021-08-30 18:42:21] Saving 10 values; 533 bytes
[2021-08-30 18:43:21] Saving 10 values; 533 bytes
[2021-08-30 18:44:21] Saving 10 values; 533 bytes
[2021-08-30 18:45:21] Saving 10 values; 533 bytes
[2021-08-30 18:46:21] Saving 10 values; 533 bytes
[2021-08-30 18:47:21] Saving 10 values; 533 bytes
[2021-08-30 18:48:21] Saving 10 values; 533 bytes
[2021-08-30 18:49:21] Saving 10 values; 533 bytes
[2021-08-30 18:50:21] Saving 10 values; 533 bytes
[2021-08-30 18:51:21] Saving 10 values; 533 bytes
[2021-08-30 18:52:21] Saving 10 values; 533 bytes
[2021-08-30 18:53:21] Saving 10 values; 533 bytes
[2021-08-30 18:54:21] Saving 10 values; 533 bytes
[2021-08-30 18:55:21] Saving 10 values; 533 bytes
[2021-08-30 18:56:19] Saving 10 values; 533 bytes
[2021-08-30 18:56:19] Saving 10 values; 533 bytes
[2021-08-30 18:56:19] Saving 10 values; 533 bytes
[2021-08-30 18:56:21] Saving 10 values; 533 bytes
[2021-08-30 18:57:21] Saving 10 values; 533 bytes
[2021-08-30 18:58:21] Saving 10 values; 533 bytes
[2021-08-30 18:59:21] Saving 10 values; 533 bytes
[2021-08-30 18:59:41] Saving 10 values; 533 bytes
[2021-08-30 18:59:41] Saving 10 values; 533 bytes
[2021-08-30 18:59:41] Saving 10 values; 533 bytes
[2021-08-30 19:00:21] Saving 10 values; 533 bytes
[2021-08-30 19:01:21] Saving 10 values; 533 bytes
[2021-08-30 19:02:21] Saving 10 values; 533 bytes
[2021-08-30 19:03:21] Saving 10 values; 533 bytes
[2021-08-30 19:04:21] Saving 10 values; 533 bytes
[2021-08-30 19:05:21] Saving 10 values; 533 bytes
[2021-08-30 19:06:21] Saving 10 values; 533 bytes
[2021-08-30 19:07:21] Saving 10 values; 533 bytes
[2021-08-30 19:08:21] Saving 10 values; 533 bytes
[2021-08-30 19:09:21] Saving 10 values; 533 bytes
[2021-08-30 19:10:21] Saving 10 values; 533 bytes
[2021-08-30 19:11:21] Saving 10 values; 533 bytes
[2021-08-30 19:12:21] Saving 10 values; 533 bytes
[2021-08-30 19:13:21] Saving 10 values; 533 bytes
[2021-08-30 19:14:21] Saving 10 values; 533 bytes
[2021-08-30 19:15:21] Saving 10 values; 533 bytes
[2021-08-30 19:16:21] Saving 10 values; 533 bytes
[2021-08-30 19:17:21] Saving 10 values; 533 bytes
[2021-08-30 19:18:21] Saving 10 values; 533 bytes
[2021-08-30 19:19:21] Saving 10 values; 533 bytes
[2021-08-30 19:20:21] Saving 10 values; 533 bytes
[2021-08-30 19:21:21] Saving 10 values; 533 bytes
[2021-08-30 19:22:21] Saving 10 values; 533 bytes
[2021-08-30 19:23:21] Saving 10 values; 533 bytes
[2021-08-30 19:24:21] Saving 10 values; 533 bytes
[2021-08-30 19:25:21] Saving 10 values; 533 bytes
[2021-08-30 19:26:21] Saving 10 values; 533 bytes
[2021-08-30 19:27:21] Saving 10 values; 533 bytes
[2021-08-30 19:28:21] Saving 10 values; 533 bytes
[2021-08-30 19:29:21] Saving 10 values; 533 bytes
[2021-08-30 19:30:21] Saving 10 values; 533 bytes
[2021-08-30 19:31:21] Saving 10 values; 533 bytes
[2021-08-30 19:32:21] Saving 10 values; 533 bytes
[2021-08-30 19:33:21] Saving 10 values; 533 bytes
[2021-08-30 19:34:21] Saving 10 values; 533 bytes
[2021-08-30 19:35:21] Saving 10 values; 533 bytes
[2021-08-30 19:35:31] Saving 10 values; 533 bytes
[2021-08-30 19:35:31] Saving 10 values; 533 bytes
[2021-08-30 19:35:31] Saving 10 values; 533 bytes
[2021-08-30 19:36:21] Saving 10 values; 533 bytes
[2021-08-30 19:37:21] Saving 10 values; 533 bytes
[2021-08-30 19:38:21] Saving 10 values; 533 bytes
[2021-08-30 19:39:21] Saving 10 values; 533 bytes
[2021-08-30 19:39:39] Saving 10 values; 533 bytes
[2021-08-30 19:39:39] Saving 10 values; 533 bytes
[2021-08-30 19:39:39] Saving 10 values; 533 bytes
[2021-08-30 19:40:21] Saving 10 values; 533 bytes
[2021-08-30 19:41:21] Saving 10 values; 533 bytes
[2021-08-30 19:42:21] Saving 10 values; 533 bytes
[2021-08-30 19:43:21] Saving 10 values; 533 bytes
[2021-08-30 19:44:21] Saving 10 values; 533 bytes
[2021-08-30 19:45:21] Saving 10 values; 533 bytes
[2021-08-30 19:46:21] Saving 10 values; 533 bytes
[2021-08-30 19:47:21] Saving 10 values; 533 bytes
[2021-08-30 19:48:21] Saving 10 values; 533 bytes
[2021-08-30 19:49:21] Saving 10 values; 533 bytes
[2021-08-30 19:50:21] Saving 10 values; 533 bytes
[2021-08-30 19:51:21] Saving 10 values; 533 bytes
[2021-08-30 19:52:21] Saving 10 values; 533 bytes
[2021-08-30 19:53:21] Saving 10 values; 533 bytes
[2021-08-30 19:54:21] Saving 10 values; 533 bytes
[2021-08-30 19:55:21] Saving 10 values; 533 bytes
[2021-08-30 19:56:21] Saving 10 values; 533 bytes
[2021-08-30 19:57:21] Saving 10 values; 533 bytes
[2021-08-30 19:58:21] Saving 10 values; 533 bytes
[2021-08-30 19:59:21] Saving 10 values; 533 bytes
[2021-08-30 20:00:21] Saving 10 values; 533 bytes
[2021-08-30 20:01:21] Saving 10 values; 533 bytes
[2021-08-30 20:02:21] Saving 10 values; 533 bytes
[2021-08-30 20:03:21] Saving 10 values; 533 bytes
[2021-08-30 20:04:21] Saving 10 values; 533 bytes
[2021-08-30 20:05:21] Saving 10 values; 533 bytes
[2021-08-30 20:06:21] Saving 10 values; 533 bytes
[2021-08-30 20:07:21] Saving 10 values; 533 bytes
[2021-08-30 20:08:21] Saving 10 values; 533 bytes
[2021-08-30 20:09:21] Saving 10 values; 533 bytes
[2021-08-30 20:10:21] Saving 10 values; 533 bytes
[2021-08-30 20:10:43] Loaded 10 values
[2021-08-30 20:10:43] Backed up config/settings.bin to config/settings_backup.bin (533 bytes)
[2021-08-30 20:10:48] Saving 10 values; 533 bytes
[2021-08-30 20:11:48] Saving 10 values; 533 bytes
[2021-08-30 20:12:48] Saving 10 values; 533 bytes
[2021-08-30 20:13:48] Saving 10 values; 533 bytes
[2021-08-30 20:14:48] Saving 10 values; 533 bytes
[2021-08-30 20:15:48] Saving 10 values; 533 bytes
[2021-08-30 20:16:48] Saving 10 values; 533 bytes
[2021-08-30 20:17:48] Saving 10 values; 533 bytes
[2021-08-30 20:18:48] Saving 10 values; 533 bytes
[2021-08-30 20:19:48] Saving 10 values; 533 bytes
[2021-08-30 20:20:48] Saving 10 values; 533 bytes
[2021-08-30 20:21:48] Saving 10 values; 533 bytes
[2021-08-30 20:22:48] Saving 10 values; 533 bytes
[2021-08-30 20:23:48] Saving 10 values; 533 bytes
[2021-08-30 20:24:48] Saving 10 values; 533 bytes
[2021-08-30 20:25:48] Saving 10 values; 533 bytes
[2021-08-30 20:26:48] Saving 10 values; 533 bytes
[2021-08-30 20:27:48] Saving 10 values; 533 bytes
[2021-08-30 20:28:48] Saving 10 values; 533 bytes
[2021-08-30 20:29:48] Saving 10 values; 533 bytes
[2021-08-30 20:30:48] Saving 10 values; 533 bytes
[2021-08-30 20:31:27] Loaded 10 values
[2021-08-30 20:31:27] Backed up config/settings.bin to config/settings_backup.bin (533 bytes)
[2021-08-30 20:31:31] Saving 10 values; 533 bytes
[2021-08-30 20:34:48] Loaded 10 values
[2021-08-30 20:34:48] Backed up config/settings.bin to config/settings_backup.bin (533 bytes)
[2021-08-30 20:34:51] Saving 10 values; 533 bytes
[2021-08-30 21:03:09] Loaded 10 values
[2021-08-30 21:03:09] Backed up config/settings.bin to config/settings_backup.bin (533 bytes)
[2021-08-30 21:03:14] Saving 10 values; 533 bytes
[2021-08-30 21:15:40] Loaded 10 values
[2021-08-30 21:15:40] Backed up config/settings.bin to config/settings_backup.bin (533 bytes)
[2021-08-30 21:15:44] Saving 10 values; 533 bytes
[2021-08-30 21:16:44] Loaded 10 values
[2021-08-30 21:16:44] Backed up config/settings.bin to config/settings_backup.bin (533 bytes)
[2021-08-30 21:16:48] Saving 10 values; 533 bytes
[2021-08-30 21:17:12] Loaded 10 values
[2021-08-30 21:17:12] Backed up config/settings.bin to config/settings_backup.bin (533 bytes)
[2021-08-30 21:17:16] Saving 10 values; 533 bytes
[2021-08-30 21:24:33] Loaded 10 values
[2021-08-30 21:24:33] Backed up config/settings.bin to config/settings_backup.bin (533 bytes)
[2021-08-30 21:24:36] Saving 10 values; 533 bytes
[2021-08-30 21:25:28] Loaded 10 values
[2021-08-30 21:25:28] Backed up config/settings.bin to config/settings_backup.bin (533 bytes)
[2021-08-30 21:25:32] Saving 10 values; 533 bytes
[2021-08-30 21:30:50] Loaded 10 values
[2021-08-30 21:30:50] Backed up config/settings.bin to config/settings_backup.bin (533 bytes)
[2021-08-30 21:30:54] Saving 10 values; 533 bytes
[2021-08-30 21:31:22] Loaded 10 values
[2021-08-30 21:31:22] Backed up config/settings.bin to config/settings_backup.bin (533 bytes)
[2021-08-30 21:31:26] Saving 10 values; 533 bytes
[2021-08-30 21:34:56] Loaded 10 values
[2021-08-30 21:34:56] Backed up config/settings.bin to config/settings_backup.bin (533 bytes)
[2021-08-30 21:35:00] Saving 10 values; 533 bytes
[2021-08-30 21:40:37] Loaded 10 values
[2021-08-30 21:40:37] Backed up config/settings.bin to config/settings_backup.bin (533 bytes)
[2021-08-30 21:40:41] Saving 10 values; 533 bytes
[2021-08-30 21:43:51] Loaded 10 values
[2021-08-30 21:43:51] Backed up config/settings.bin to config/settings_backup.bin (533 bytes)
[2021-08-30 21:43:55] Saving 10 values; 533 bytes
[2021-08-30 21:46:37] Loaded 10 values
[2021-08-30 21:46:37] Backed up config/settings.bin to config/settings_backup.bin (533 bytes)
[2021-08-30 21:46:41] Saving 10 values; 533 bytes
[2021-08-30 21:47:41] Saving 10 values; 533 bytes
[2021-08-30 21:48:41] Saving 10 values; 533 bytes
[2021-08-30 21:49:41] Saving 10 values; 533 bytes
[2021-08-30 21:50:41] Saving 10 values; 533 bytes
[2021-08-30 21:51:41] Saving 10 values; 533 bytes
[2021-08-30 21:52:41] Saving 10 values; 533 bytes
[2021-08-30 21:53:41] Saving 10 values; 533 bytes
[2021-08-30 21:54:41] Saving 10 values; 533 bytes
[2021-08-30 21:55:41] Saving 10 values; 533 bytes
[2021-08-30 21:56:41] Saving 10 values; 533 bytes
[2021-08-30 21:57:41] Saving 10 values; 533 bytes
[2021-08-30 21:58:41] Saving 10 values; 533 bytes
[2021-08-30 21:59:41] Saving 10 values; 533 bytes
[2021-08-30 22:00:41] Saving 10 values; 533 bytes
[2021-08-30 22:01:41] Saving 10 values; 533 bytes
[2021-08-30 22:02:41] Saving 10 values; 533 bytes
[2021-08-30 22:03:41] Saving 10 values; 533 bytes
[2021-08-30 22:04:41] Saving 10 values; 533 bytes
[2021-08-30 22:05:41] Saving 10 values; 533 bytes
[2021-08-30 22:06:41] Saving 10 values; 533 bytes
[2021-08-30 22:07:41] Saving 10 values; 533 bytes
[2021-08-30 22:08:41] Saving 10 values; 533 bytes
[2021-08-30 22:09:41] Saving 10 values; 533 bytes
[2021-08-30 22:10:41] Saving 10 values; 533 bytes
[2021-08-30 22:11:41] Saving 10 values; 533 bytes
[2021-08-30 22:12:41] Saving 10 values; 533 bytes
[2021-08-30 22:13:41] Saving 10 values; 533 bytes
[2021-08-30 22:14:41] Saving 10 values; 533 bytes
[2021-08-30 22:15:41] Saving 10 values; 533 bytes
[2021-08-30 22:16:41] Saving 10 values; 533 bytes
[2021-08-30 22:17:41] Saving 10 values; 533 bytes
[2021-08-30 22:18:41] Saving 10 values; 533 bytes
[2021-08-30 22:19:41] Saving 10 values; 533 bytes
[2021-08-30 22:20:41] Saving 10 values; 533 bytes
[2021-08-30 22:21:41] Saving 10 values; 533 bytes
[2021-08-30 22:22:41] Saving 10 values; 533 bytes
[2021-08-30 22:23:41] Saving 10 values; 533 bytes
[2021-08-30 22:24:41] Saving 10 values; 533 bytes
[2021-08-30 22:25:41] Saving 10 values; 533 bytes
[2021-08-30 22:26:41] Saving 10 values; 533 bytes
[2021-08-30 22:27:41] Saving 10 values; 533 bytes
[2021-08-30 22:28:41] Saving 10 values; 533 bytes
[2021-08-30 22:29:41] Saving 10 values; 533 bytes
[2021-08-30 22:30:41] Saving 10 values; 533 bytes
[2021-08-30 22:31:41] Saving 10 values; 533 bytes
[2021-08-30 22:32:41] Saving 10 values; 533 bytes
[2021-08-30 22:33:41] Saving 10 values; 533 bytes
[2021-08-30 22:34:41] Saving 10 values; 533 bytes
[2021-08-30 22:35:41] Saving 10 values; 533 bytes
[2021-08-30 22:36:41] Saving 10 values; 533 bytes
[2021-08-30 22:37:41] Saving 10 values; 533 bytes
[2021-08-30 22:38:41] Saving 10 values; 533 bytes
[2021-08-30 22:39:41] Saving 10 values; 533 bytes
[2021-08-30 22:40:41] Saving 10 values; 533 bytes
[2021-08-30 22:41:41] Saving 10 values; 533 bytes
[2021-08-30 22:42:41] Saving 10 values; 533 bytes
[2021-08-30 22:43:41] Saving 10 values; 533 bytes
[2021-08-30 22:44:41] Saving 10 values; 533 bytes
[2021-08-30 22:45:41] Saving 10 values; 533 bytes
[2021-08-30 22:46:41] Saving 10 values; 533 bytes
[2021-08-30 22:47:41] Saving 10 values; 533 bytes
[2021-08-30 22:48:41] Saving 10 values; 533 bytes
[2021-08-30 22:49:41] Saving 10 values; 533 bytes
[2021-08-30 22:50:41] Saving 10 values; 533 bytes
[2021-08-30 22:51:41] Saving 10 values; 533 bytes
[2021-08-30 22:52:41] Saving 10 values; 533 bytes
[2021-08-30 22:53:41] Saving 10 values; 533 bytes
[2021-08-30 22:54:41] Saving 10 values; 533 bytes
[2021-08-30 22:55:41] Saving 10 values; 533 bytes
[2021-08-30 22:56:41] Saving 10 values; 533 bytes
[2021-08-30 22:57:41] Saving 10 values; 533 bytes
[2021-08-30 22:58:41] Saving 10 values; 533 bytes
[2021-08-30 22:59:41] Saving 10 values; 533 bytes
[2021-08-30 23:00:41] Saving 10 values; 533 bytes
[2021-08-30 23:01:10] Saving 10 values; 533 bytes
[2021-08-31 14:28:54] Loaded 10 values
[2021-08-31 14:28:54] Backed up config/settings.bin to config/settings_backup.bin (533 bytes)
[2021-08-31 14:28:58] Saving 10 values; 533 bytes
[2021-08-31 14:29:58] Saving 10 values; 533 bytes
[2021-08-31 14:30:58] Saving 10 values; 533 bytes
[2021-08-31 14:31:58] Saving 10 values; 533 bytes
[2021-08-31 14:32:58] Saving 10 values; 533 bytes
[2021-08-31 14:33:58] Saving 10 values; 533 bytes
[2021-08-31 14:34:58] Saving 10 values; 533 bytes
[2021-08-31 14:35:58] Saving 10 values; 533 bytes
[2021-08-31 14:36:58] Saving 10 values; 533 bytes
[2021-08-31 14:37:58] Saving 10 values; 533 bytes
[2021-08-31 14:38:58] Saving 10 values; 533 bytes
[2021-08-31 14:39:58] Saving 10 values; 533 bytes
[2021-08-31 14:40:58] Saving 10 values; 533 bytes
[2021-08-31 14:41:58] Saving 10 values; 533 bytes
[2021-08-31 14:42:58] Saving 10 values; 533 bytes
[2021-08-31 14:43:58] Saving 10 values; 533 bytes
[2021-08-31 14:44:58] Saving 10 values; 533 bytes
[2021-08-31 14:45:58] Saving 10 values; 533 bytes
[2021-08-31 14:46:58] Saving 10 values; 533 bytes
[2021-08-31 14:47:58] Saving 10 values; 533 bytes
[2021-08-31 14:48:58] Saving 10 values; 533 bytes
[2021-08-31 14:49:02] Loaded 10 values
[2021-08-31 14:49:02] Backed up config/settings.bin to config/settings_backup.bin (533 bytes)
[2021-08-31 14:49:06] Saving 10 values; 533 bytes
[2021-08-31 14:50:06] Saving 10 values; 533 bytes
[2021-08-31 14:50:13] Loaded 10 values
[2021-08-31 14:50:13] Backed up config/settings.bin to config/settings_backup.bin (533 bytes)
[2021-08-31 14:50:17] Saving 10 values; 533 bytes
[2021-08-31 14:51:17] Saving 10 values; 533 bytes
[2021-08-31 14:51:53] Loaded 10 values
[2021-08-31 14:51:53] Backed up config/settings.bin to config/settings_backup.bin (533 bytes)
[2021-08-31 14:51:57] Saving 10 values; 533 bytes
[2021-08-31 14:52:57] Saving 10 values; 533 bytes
[2021-08-31 14:53:57] Saving 10 values; 533 bytes
[2021-08-31 14:54:57] Saving 10 values; 533 bytes
[2021-08-31 14:55:57] Saving 10 values; 533 bytes
[2021-08-31 14:56:57] Saving 10 values; 533 bytes
[2021-08-31 14:57:57] Saving 10 values; 533 bytes
[2021-08-31 14:58:57] Saving 10 values; 533 bytes
[2021-08-31 14:59:24] Loaded 10 values
[2021-08-31 14:59:24] Backed up config/settings.bin to config/settings_backup.bin (533 bytes)
[2021-08-31 14:59:28] Saving 10 values; 533 bytes
[2021-08-31 15:00:28] Saving 10 values; 533 bytes
[2021-08-31 15:01:28] Saving 10 values; 533 bytes
[2021-08-31 15:02:28] Saving 10 values; 533 bytes
[2021-08-31 15:03:28] Saving 10 values; 533 bytes
[2021-08-31 15:04:28] Saving 10 values; 533 bytes
[2021-08-31 15:04:56] Loaded 10 values
[2021-08-31 15:04:56] Backed up config/settings.bin to config/settings_backup.bin (533 bytes)
[2021-08-31 15:05:01] Saving 10 values; 533 bytes
[2021-08-31 15:06:01] Saving 10 values; 533 bytes
[2021-08-31 15:07:01] Saving 10 values; 533 bytes
[2021-08-31 15:08:01] Saving 10 values; 533 bytes
[2021-08-31 15:09:01] Saving 10 values; 533 bytes
[2021-08-31 15:10:01] Saving 10 values; 533 bytes
[2021-08-31 15:11:01] Saving 10 values; 533 bytes
[2021-08-31 15:12:01] Saving 10 values; 533 bytes
[2021-08-31 15:13:01] Saving 10 values; 533 bytes
[2021-08-31 15:14:01] Saving 10 values; 533 bytes
[2021-08-31 15:15:01] Saving 10 values; 533 bytes
[2021-08-31 15:16:01] Saving 10 values; 533 bytes
[2021-08-31 15:17:01] Saving 10 values; 533 bytes
[2021-08-31 15:18:01] Saving 10 values; 533 bytes
[2021-08-31 15:19:01] Saving 10 values; 533 bytes
[2021-08-31 15:20:01] Saving 10 values; 533 bytes
[2021-08-31 15:21:01] Saving 10 values; 533 bytes
[2021-08-31 15:22:01] Saving 10 values; 533 bytes
[2021-08-31 15:23:01] Saving 10 values; 533 bytes
[2021-08-31 15:24:01] Saving 10 values; 533 bytes
[2021-08-31 15:25:01] Saving 10 values; 533 bytes
[2021-08-31 15:26:01] Saving 10 values; 533 bytes
[2021-08-31 15:27:01] Saving 10 values; 533 bytes
[2021-08-31 15:28:01] Saving 10 values; 533 bytes
[2021-08-31 15:29:01] Saving 10 values; 533 bytes
[2021-08-31 15:30:01] Saving 10 values; 533 bytes
[2021-08-31 15:31:01] Saving 10 values; 533 bytes
[2021-08-31 15:32:01] Saving 10 values; 533 bytes
[2021-08-31 15:33:01] Saving 10 values; 533 bytes
[2021-08-31 15:34:01] Saving 10 values; 533 bytes
[2021-08-31 15:35:01] Saving 10 values; 533 bytes
[2021-08-31 15:36:01] Saving 10 values; 533 bytes
[2021-08-31 15:37:01] Saving 10 values; 533 bytes
[2021-08-31 15:38:01] Saving 10 values; 533 bytes
[2021-08-31 15:39:01] Saving 10 values; 533 bytes
[2021-08-31 15:40:01] Saving 10 values; 533 bytes
[2021-08-31 15:41:01] Saving 10 values; 533 bytes
[2021-08-31 15:42:01] Saving 10 values; 533 bytes
[2021-08-31 15:43:01] Saving 10 values; 533 bytes
[2021-08-31 15:44:01] Saving 10 values; 533 bytes
[2021-08-31 15:45:01] Saving 10 values; 533 bytes
[2021-08-31 15:46:01] Saving 10 values; 533 bytes
[2021-08-31 15:47:01] Saving 10 values; 533 bytes
[2021-08-31 15:48:01] Saving 10 values; 533 bytes
[2021-08-31 15:49:01] Saving 10 values; 533 bytes
[2021-08-31 15:50:01] Saving 10 values; 533 bytes
[2021-08-31 15:51:02] Loaded 10 values
[2021-08-31 15:51:02] Backed up config/settings.bin to config/settings_backup.bin (533 bytes)
[2021-08-31 15:51:06] Saving 10 values; 533 bytes
[2021-08-31 15:51:43] Loaded 10 values
[2021-08-31 15:51:43] Backed up config/settings.bin to config/settings_backup.bin (533 bytes)
[2021-08-31 15:51:47] Saving 10 values; 533 bytes
[2021-08-31 15:52:47] Saving 10 values; 533 bytes
[2021-08-31 15:53:47] Saving 10 values; 533 bytes
[2021-08-31 15:54:47] Saving 10 values; 533 bytes
[2021-08-31 15:55:47] Saving 10 values; 533 bytes
[2021-08-31 15:56:47] Saving 10 values; 533 bytes
[2021-08-31 15:57:47] Saving 10 values; 533 bytes
[2021-08-31 15:58:47] Saving 10 values; 533 bytes
[2021-08-31 15:59:47] Saving 10 values; 533 bytes
[2021-08-31 16:00:47] Saving 10 values; 533 bytes
[2021-08-31 16:01:47] Saving 10 values; 533 bytes
[2021-08-31 16:02:47] Saving 10 values; 533 bytes
[2021-08-31 16:03:47] Saving 10 values; 533 bytes
[2021-08-31 16:04:47] Saving 10 values; 533 bytes
[2021-08-31 16:05:47] Saving 10 values; 533 bytes
[2021-08-31 16:06:47] Saving 10 values; 533 bytes
[2021-08-31 16:07:47] Saving 10 values; 533 bytes
[2021-08-31 16:08:47] Saving 10 values; 533 bytes
[2021-08-31 16:09:47] Saving 10 values; 533 bytes
[2021-08-31 16:10:47] Saving 10 values; 533 bytes
[2021-08-31 16:11:47] Saving 10 values; 533 bytes
[2021-08-31 16:12:47] Saving 10 values; 533 bytes
[2021-08-31 16:13:47] Saving 10 values; 533 bytes
[2021-08-31 16:14:47] Saving 10 values; 533 bytes
[2021-08-31 16:15:47] Saving 10 values; 533 bytes
[2021-08-31 16:16:47] Saving 10 values; 533 bytes
[2021-08-31 16:17:47] Saving 10 values; 533 bytes
[2021-08-31 16:18:47] Saving 10 values; 533 bytes
[2021-08-31 16:19:47] Saving 10 values; 533 bytes
[2021-08-31 16:20:47] Saving 10 values; 533 bytes
[2021-08-31 16:21:47] Saving 10 values; 533 bytes
[2021-08-31 16:22:47] Saving 10 values; 533 bytes
[2021-08-31 16:23:47] Saving 10 values; 533 bytes
[2021-08-31 16:24:47] Saving 10 values; 533 bytes
[2021-08-31 16:25:47] Saving 10 values; 533 bytes
[2021-08-31 16:26:47] Saving 10 values; 533 bytes
[2021-08-31 16:27:47] Saving 10 values; 533 bytes
[2021-08-31 16:28:47] Saving 10 values; 533 bytes
[2021-08-31 16:29:47] Saving 10 values; 533 bytes
[2021-08-31 16:30:47] Saving 10 values; 533 bytes
[2021-08-31 16:31:47] Saving 10 values; 533 bytes
[2021-08-31 16:32:47] Saving 10 values; 533 bytes
[2021-08-31 16:33:47] Saving 10 values; 533 bytes
[2021-08-31 16:48:04] Loaded 10 values
[2021-08-31 16:48:04] Backed up config/settings.bin to config/settings_backup.bin (533 bytes)
[2021-08-31 16:48:09] Saving 10 values; 533 bytes
[2021-08-31 16:49:09] Saving 10 values; 533 bytes
[2021-08-31 16:50:09] Saving 10 values; 533 bytes
[2021-08-31 16:51:09] Saving 10 values; 533 bytes
[2021-08-31 16:52:09] Saving 10 values; 533 bytes
[2021-08-31 16:53:09] Saving 10 values; 533 bytes
[2021-08-31 16:54:09] Saving 10 values; 533 bytes
[2021-08-31 16:55:09] Saving 10 values; 533 bytes
[2021-08-31 16:56:09] Saving 10 values; 533 bytes
[2021-08-31 16:57:09] Saving 10 values; 533 bytes
[2021-08-31 16:58:09] Saving 10 values; 533 bytes
[2021-08-31 16:59:09] Saving 10 values; 533 bytes
[2021-08-31 17:00:09] Saving 10 values; 533 bytes
[2021-08-31 17:01:09] Saving 10 values; 533 bytes
[2021-08-31 17:02:09] Saving 10 values; 533 bytes
[2021-08-31 17:02:39] Loaded 10 values
[2021-08-31 17:02:39] Backed up config/settings.bin to config/settings_backup.bin (533 bytes)
[2021-08-31 17:02:43] Saving 10 values; 533 bytes
[2021-08-31 17:03:43] Saving 10 values; 533 bytes
[2021-08-31 17:04:41] Loaded 10 values
[2021-08-31 17:04:41] Backed up config/settings.bin to config/settings_backup.bin (533 bytes)
[2021-08-31 17:04:46] Saving 10 values; 533 bytes
[2021-08-31 17:05:35] Loaded 10 values
[2021-08-31 17:05:35] Backed up config/settings.bin to config/settings_backup.bin (533 bytes)
[2021-08-31 17:05:40] Saving 10 values; 533 bytes
[2021-08-31 17:06:40] Saving 10 values; 533 bytes
[2021-08-31 17:07:40] Saving 10 values; 533 bytes
[2021-08-31 17:08:40] Saving 10 values; 533 bytes
[2021-08-31 17:09:40] Saving 10 values; 533 bytes
[2021-08-31 17:10:40] Saving 10 values; 533 bytes
[2021-08-31 17:11:40] Saving 10 values; 533 bytes
[2021-08-31 17:12:40] Saving 10 values; 533 bytes
[2021-08-31 17:13:40] Saving 10 values; 533 bytes
[2021-08-31 17:14:40] Saving 10 values; 533 bytes
[2021-08-31 17:15:40] Saving 10 values; 533 bytes
[2021-08-31 17:16:40] Saving 10 values; 533 bytes
[2021-08-31 17:17:40] Saving 10 values; 533 bytes
[2021-08-31 17:18:40] Saving 10 values; 533 bytes
[2021-08-31 17:19:40] Saving 10 values; 533 bytes
[2021-08-31 17:20:40] Saving 10 values; 533 bytes
[2021-08-31 17:21:40] Saving 10 values; 533 bytes
[2021-08-31 17:22:40] Saving 10 values; 533 bytes
[2021-08-31 17:23:40] Saving 10 values; 533 bytes
[2021-08-31 17:24:40] Saving 10 values; 533 bytes
[2021-08-31 17:25:33] Loaded 10 values
[2021-08-31 17:25:33] Backed up config/settings.bin to config/settings_backup.bin (533 bytes)
[2021-08-31 17:25:38] Saving 10 values; 533 bytes
[2021-08-31 17:26:38] Saving 10 values; 533 bytes
[2021-08-31 17:27:00] Loaded 10 values
[2021-08-31 17:27:00] Backed up config/settings.bin to config/settings_backup.bin (533 bytes)
[2021-08-31 17:27:05] Saving 10 values; 533 bytes
[2021-08-31 17:28:05] Saving 10 values; 533 bytes
[2021-08-31 17:29:05] Saving 10 values; 533 bytes
[2021-08-31 17:30:05] Saving 10 values; 533 bytes
[2021-08-31 17:31:05] Saving 10 values; 533 bytes
[2021-08-31 17:32:05] Saving 10 values; 533 bytes
[2021-08-31 17:33:05] Saving 10 values; 533 bytes
[2021-08-31 17:34:05] Saving 10 values; 533 bytes
[2021-08-31 17:34:15] Loaded 10 values
[2021-08-31 17:34:15] Backed up config/settings.bin to config/settings_backup.bin (533 bytes)
[2021-08-31 17:34:19] Saving 10 values; 533 bytes
[2021-08-31 17:35:19] Saving 10 values; 533 bytes
[2021-08-31 17:36:19] Saving 10 values; 533 bytes
[2021-08-31 17:37:19] Saving 10 values; 533 bytes
[2021-08-31 17:38:19] Saving 10 values; 533 bytes
[2021-08-31 17:39:19] Saving 10 values; 533 bytes
[2021-08-31 17:39:50] Loaded 10 values
[2021-08-31 17:39:50] Backed up config/settings.bin to config/settings_backup.bin (533 bytes)
[2021-08-31 17:39:55] Saving 10 values; 533 bytes
[2021-08-31 17:40:55] Saving 10 values; 533 bytes
[2021-08-31 17:41:15] Loaded 10 values
[2021-08-31 17:41:15] Backed up config/settings.bin to config/settings_backup.bin (533 bytes)
[2021-08-31 17:41:20] Saving 10 values; 533 bytes
[2021-08-31 17:42:20] Saving 10 values; 533 bytes
[2021-08-31 17:42:30] Loaded 10 values
[2021-08-31 17:42:30] Backed up config/settings.bin to config/settings_backup.bin (533 bytes)
[2021-08-31 17:42:34] Saving 10 values; 533 bytes
[2021-08-31 17:43:34] Saving 10 values; 533 bytes
[2021-08-31 17:44:34] Saving 10 values; 533 bytes
[2021-08-31 17:45:34] Saving 10 values; 533 bytes
[2021-08-31 17:46:17] Loaded 10 values
[2021-08-31 17:46:17] Backed up config/settings.bin to config/settings_backup.bin (533 bytes)
[2021-08-31 17:46:20] Saving 10 values; 533 bytes
[2021-08-31 17:47:20] Saving 10 values; 533 bytes
[2021-08-31 17:48:20] Saving 10 values; 533 bytes
[2021-08-31 17:49:20] Saving 10 values; 533 bytes
[2021-08-31 17:50:20] Saving 10 values; 533 bytes
[2021-08-31 17:51:20] Saving 10 values; 533 bytes
[2021-08-31 17:52:20] Saving 10 values; 533 bytes
[2021-08-31 17:53:20] Saving 10 values; 533 bytes
[2021-08-31 17:54:20] Saving 10 values; 533 bytes
[2021-08-31 17:55:20] Saving 10 values; 533 bytes
[2021-08-31 17:56:20] Saving 10 values; 533 bytes
[2021-08-31 17:57:20] Saving 10 values; 533 bytes
[2021-08-31 17:58:20] Saving 10 values; 533 bytes
[2021-08-31 17:59:20] Saving 10 values; 533 bytes
[2021-08-31 18:00:20] Saving 10 values; 533 bytes
[2021-08-31 18:01:20] Saving 10 values; 533 bytes
[2021-08-31 18:17:08] Loaded 10 values
[2021-08-31 18:17:08] Backed up config/settings.bin to config/settings_backup.bin (533 bytes)
[2021-08-31 18:17:14] Saving 10 values; 533 bytes
[2021-08-31 18:17:30] Saving 10 values; 533 bytes
[2021-08-31 18:17:30] Saving 10 values; 533 bytes
[2021-08-31 18:17:30] Saving 10 values; 533 bytes
[2021-08-31 18:18:14] Saving 10 values; 533 bytes
[2021-08-31 18:19:14] Saving 10 values; 533 bytes
[2021-08-31 18:20:14] Saving 10 values; 533 bytes
[2021-08-31 18:21:14] Saving 10 values; 533 bytes
[2021-08-31 18:22:14] Saving 10 values; 533 bytes
[2021-08-31 18:23:14] Saving 10 values; 533 bytes
[2021-08-31 18:24:14] Saving 10 values; 533 bytes
[2021-08-31 18:25:14] Saving 10 values; 533 bytes
[2021-08-31 18:26:14] Saving 10 values; 533 bytes
[2021-08-31 18:27:14] Saving 10 values; 533 bytes
[2021-08-31 18:28:14] Saving 10 values; 533 bytes
[2021-08-31 18:29:14] Saving 10 values; 533 bytes
[2021-08-31 18:30:14] Saving 10 values; 533 bytes
[2021-08-31 18:31:14] Saving 10 values; 533 bytes
[2021-08-31 18:32:14] Saving 10 values; 533 bytes
[2021-08-31 18:33:14] Saving 10 values; 533 bytes
[2021-08-31 18:34:14] Saving 10 values; 533 bytes
[2021-08-31 18:35:14] Saving 10 values; 533 bytes
[2021-08-31 18:35:30] Loaded 10 values
[2021-08-31 18:35:30] Backed up config/settings.bin to config/settings_backup.bin (533 bytes)
[2021-08-31 18:35:35] Saving 10 values; 533 bytes
[2021-08-31 18:35:58] Saving 10 values; 533 bytes
[2021-08-31 18:35:58] Saving 10 values; 533 bytes
[2021-08-31 18:35:58] Saving 10 values; 533 bytes
[2021-08-31 18:36:35] Saving 10 values; 533 bytes
[2021-08-31 18:37:35] Saving 10 values; 533 bytes
[2021-08-31 18:38:35] Saving 10 values; 533 bytes
[2021-08-31 18:39:35] Saving 10 values; 533 bytes
[2021-08-31 18:40:14] Loaded 10 values
[2021-08-31 18:40:14] Backed up config/settings.bin to config/settings_backup.bin (533 bytes)
[2021-08-31 18:40:19] Saving 10 values; 533 bytes
[2021-08-31 18:41:19] Saving 10 values; 533 bytes
[2021-08-31 18:41:36] Loaded 10 values
[2021-08-31 18:41:36] Backed up config/settings.bin to config/settings_backup.bin (533 bytes)
[2021-08-31 18:41:40] Saving 10 values; 533 bytes
[2021-08-31 18:42:19] Loaded 10 values
[2021-08-31 18:42:19] Backed up config/settings.bin to config/settings_backup.bin (533 bytes)
[2021-08-31 18:42:23] Saving 10 values; 533 bytes
[2021-08-31 18:43:23] Saving 10 values; 533 bytes
[2021-08-31 18:44:23] Saving 10 values; 533 bytes
[2021-08-31 18:45:23] Saving 10 values; 533 bytes
[2021-08-31 18:46:23] Saving 10 values; 533 bytes
[2021-08-31 18:47:23] Saving 10 values; 533 bytes
[2021-08-31 18:48:23] Saving 10 values; 533 bytes
[2021-08-31 18:49:23] Saving 10 values; 533 bytes
[2021-08-31 18:50:23] Saving 10 values; 533 bytes
[2021-08-31 18:51:23] Saving 10 values; 533 bytes
[2021-08-31 18:52:23] Saving 10 values; 533 bytes
[2021-08-31 18:53:23] Saving 10 values; 533 bytes
[2021-08-31 18:54:23] Saving 10 values; 533 bytes
[2021-08-31 18:55:23] Saving 10 values; 533 bytes
[2021-08-31 18:56:23] Saving 10 values; 533 bytes
[2021-08-31 18:57:23] Saving 10 values; 533 bytes
[2021-08-31 18:58:23] Saving 10 values; 533 bytes
[2021-08-31 18:59:23] Saving 10 values; 533 bytes
[2021-08-31 19:00:23] Saving 10 values; 533 bytes
[2021-08-31 19:01:23] Saving 10 values; 533 bytes
[2021-08-31 19:02:23] Saving 10 values; 533 bytes
[2021-08-31 19:03:23] Saving 10 values; 533 bytes
[2021-08-31 19:04:23] Saving 10 values; 533 bytes
[2021-08-31 19:05:23] Saving 10 values; 533 bytes
[2021-08-31 19:06:23] Saving 10 values; 533 bytes
[2021-08-31 19:07:23] Saving 10 values; 533 bytes
[2021-08-31 19:08:23] Saving 10 values; 533 bytes
[2021-08-31 19:09:23] Saving 10 values; 533 bytes
[2021-08-31 19:10:23] Saving 10 values; 533 bytes
[2021-08-31 19:11:23] Saving 10 values; 533 bytes
[2021-08-31 19:12:23] Saving 10 values; 533 bytes
[2021-08-31 19:13:23] Saving 10 values; 533 bytes
[2021-08-31 19:14:23] Saving 10 values; 533 bytes
[2021-08-31 19:15:23] Saving 10 values; 533 bytes
[2021-08-31 19:16:23] Saving 10 values; 533 bytes
[2021-08-31 19:17:23] Saving 10 values; 533 bytes
[2021-08-31 19:18:23] Saving 10 values; 533 bytes
[2021-08-31 19:19:23] Saving 10 values; 533 bytes
[2021-08-31 19:20:23] Saving 10 values; 533 bytes
[2021-08-31 19:21:23] Saving 10 values; 533 bytes
[2021-08-31 19:22:23] Saving 10 values; 533 bytes
[2021-08-31 19:23:23] Saving 10 values; 533 bytes
